<?xml version="1.0" encoding="UTF-8"?>
<testng-results ignored="0" total="4" passed="4" failed="0" skipped="0">
  <reporter-output>
  </reporter-output>
  <suite started-at="2026-03-18T17:01:14 IST" name="Default suite" finished-at="2026-03-18T17:02:52 IST" duration-ms="97914">
    <groups>
    </groups>
    <test started-at="2026-03-18T17:01:14 IST" name="Default test" finished-at="2026-03-18T17:02:52 IST" duration-ms="97914">
      <class name="firsttestcase.orangeHRM">
        <test-method signature="openapp()[pri:1, instance:firsttestcase.orangeHRM@6236eb5f]" started-at="2026-03-18T17:01:14 IST" name="openapp" finished-at="2026-03-18T17:01:59 IST" duration-ms="44372" status="PASS">
          <reporter-output>
          </reporter-output>
        </test-method> <!-- openapp -->
        <test-method signature="logopresent()[pri:2, instance:firsttestcase.orangeHRM@6236eb5f]" started-at="2026-03-18T17:01:59 IST" name="logopresent" finished-at="2026-03-18T17:02:10 IST" duration-ms="11089" status="PASS">
          <reporter-output>
          </reporter-output>
        </test-method> <!-- logopresent -->
        <test-method signature="loginapp()[pri:3, instance:firsttestcase.orangeHRM@6236eb5f]" started-at="2026-03-18T17:02:10 IST" name="loginapp" finished-at="2026-03-18T17:02:52 IST" duration-ms="41615" status="PASS">
          <reporter-output>
          </reporter-output>
        </test-method> <!-- loginapp -->
        <test-method signature="closeapp()[pri:4, instance:firsttestcase.orangeHRM@6236eb5f]" started-at="2026-03-18T17:02:52 IST" name="closeapp" finished-at="2026-03-18T17:02:52 IST" duration-ms="713" status="PASS">
          <reporter-output>
          </reporter-output>
        </test-method> <!-- closeapp -->
      </class> <!-- firsttestcase.orangeHRM -->
    </test> <!-- Default test -->
  </suite> <!-- Default suite -->
</testng-results>
