<?xml version="1.0" encoding="UTF-8"?>
<!-- Generated by org.testng.reporters.JUnitReportReporter -->
<testsuite hostname="LAPTOP-DVK0KP0L" failures="0" tests="4" name="firsttestcase.orangeHRM" time="97.789" errors="0" timestamp="2026-03-18T17:02:52 IST" skipped="0">
  <testcase classname="firsttestcase.orangeHRM" name="openapp" time="44.372"/>
  <testcase classname="firsttestcase.orangeHRM" name="logopresent" time="11.089"/>
  <testcase classname="firsttestcase.orangeHRM" name="loginapp" time="41.615"/>
  <testcase classname="firsttestcase.orangeHRM" name="closeapp" time="0.713"/>
</testsuite> <!-- firsttestcase.orangeHRM -->
