<?xml version="1.0" encoding="UTF-8"?>
<!-- Generated by org.testng.reporters.JUnitReportReporter -->
<testsuite hostname="LAPTOP-DVK0KP0L" failures="0" tests="3" name="firsttestcase.testcase" time="0.006" errors="0" timestamp="2026-03-09T13:05:18 IST" skipped="0">
  <testcase classname="firsttestcase.testcase" name="openapp" time="0.001"/>
  <testcase classname="firsttestcase.testcase" name="loginapp" time="0.002"/>
  <testcase classname="firsttestcase.testcase" name="closeapp" time="0.003"/>
</testsuite> <!-- firsttestcase.testcase -->
